<?xml version="1.0" encoding="UTF-8"?>
<testsuite name="Consumo total de api post" tests="4" skipped="0" failures="0" errors="0" timestamp="2022-05-03T22:19:48" hostname="DESKTOP-QTT1IDI" time="8.966">
  <properties/>
  <testcase name="Quiero realizar este request con models" classname="Consumo total de api post" time="7.058"/>
  <testcase name="Quiero realizar este request con models" classname="Consumo total de api post" time="0.68"/>
  <testcase name="Quiero realizar este request con models" classname="Consumo total de api post" time="0.6"/>
  <testcase name="Quiero realizar este request con models" classname="Consumo total de api post" time="0.614"/>
  <system-out><![CDATA[Camila
Camila
yeison
yeison
Brayan
Brayan
juan
juan
]]></system-out>
  <system-err><![CDATA[]]></system-err>
</testsuite>
