<?xml version="1.0" encoding="UTF-8"?>
<testsuite name="Consumo total de api post" tests="5" skipped="0" failures="0" errors="0" timestamp="2022-04-30T23:58:05" hostname="DESKTOP-QTT1IDI" time="8.756">
  <properties/>
  <testcase name="Quiero realizar un consumo directo que no sea outline" classname="Consumo total de api post" time="6.384"/>
  <testcase name="Quiero realizar este request con models" classname="Consumo total de api post" time="0.595"/>
  <testcase name="Quiero realizar este request con models" classname="Consumo total de api post" time="0.614"/>
  <testcase name="Quiero realizar este request con models" classname="Consumo total de api post" time="0.58"/>
  <testcase name="Quiero realizar este request con models" classname="Consumo total de api post" time="0.544"/>
  <system-out><![CDATA[Camila
Camila
Camila
Camila
yeison
yeison
Brayan
Brayan
juan
juan
]]></system-out>
  <system-err><![CDATA[]]></system-err>
</testsuite>
